C:\USERS\KONNO_Y\DOCUMENTS\VISUAL STUDIO 2012\PROJECTS\BITMAPUPCONVERTER\BITMAPUPCONVERTER\RELEASE\IMAGE_UP_CONVERTER.OBJ
C:\USERS\KONNO_Y\DOCUMENTS\VISUAL STUDIO 2012\PROJECTS\BITMAPUPCONVERTER\BITMAPUPCONVERTER\RELEASE\MAIN.OBJ
C:\USERS\KONNO_Y\DOCUMENTS\VISUAL STUDIO 2012\PROJECTS\BITMAPUPCONVERTER\BITMAPUPCONVERTER\RELEASE\VC110.PDB
C:\USERS\KONNO_Y\DOCUMENTS\VISUAL STUDIO 2012\PROJECTS\BITMAPUPCONVERTER\RELEASE\BITMAPUPCONVERTER.EXE
C:\USERS\KONNO_Y\DOCUMENTS\VISUAL STUDIO 2012\PROJECTS\BITMAPUPCONVERTER\RELEASE\BITMAPUPCONVERTER.PDB
C:\Users\konno_y\Documents\Visual Studio 2012\Projects\BitmapUpConverter\BitmapUpConverter\Release\image_up_converter.obj
C:\Users\konno_y\Documents\Visual Studio 2012\Projects\BitmapUpConverter\BitmapUpConverter\Release\main.obj
C:\Users\konno_y\Documents\Visual Studio 2012\Projects\BitmapUpConverter\BitmapUpConverter\Release\cl.command.1.tlog
C:\Users\konno_y\Documents\Visual Studio 2012\Projects\BitmapUpConverter\BitmapUpConverter\Release\CL.read.1.tlog
C:\Users\konno_y\Documents\Visual Studio 2012\Projects\BitmapUpConverter\BitmapUpConverter\Release\CL.write.1.tlog
C:\Users\konno_y\Documents\Visual Studio 2012\Projects\BitmapUpConverter\BitmapUpConverter\Release\link-cvtres.read.1.tlog
C:\Users\konno_y\Documents\Visual Studio 2012\Projects\BitmapUpConverter\BitmapUpConverter\Release\link-cvtres.write.1.tlog
C:\Users\konno_y\Documents\Visual Studio 2012\Projects\BitmapUpConverter\BitmapUpConverter\Release\link-rc.read.1.tlog
C:\Users\konno_y\Documents\Visual Studio 2012\Projects\BitmapUpConverter\BitmapUpConverter\Release\link-rc.write.1.tlog
C:\Users\konno_y\Documents\Visual Studio 2012\Projects\BitmapUpConverter\BitmapUpConverter\Release\link.command.1.tlog
C:\Users\konno_y\Documents\Visual Studio 2012\Projects\BitmapUpConverter\BitmapUpConverter\Release\link.read.1.tlog
C:\Users\konno_y\Documents\Visual Studio 2012\Projects\BitmapUpConverter\BitmapUpConverter\Release\link.write.1.tlog
C:\Users\konno_y\Documents\Visual Studio 2012\Projects\BitmapUpConverter\BitmapUpConverter\Release\vc110.pdb
C:\Users\konno_y\Documents\Visual Studio 2012\Projects\BitmapUpConverter\Release\BitmapUpConverter.pdb
C:\Users\konno_y\Documents\Visual Studio 2012\Projects\BitmapUpConverter\Release\BitmapUpConverter.exe
